<?xml version="1.0" encoding="UTF-8"?>
<coverage generated="1619416665659" clover="3.2.0">
  <project timestamp="1619416665659" name="All files">
    <metrics statements="58" coveredstatements="52" conditionals="0" coveredconditionals="0" methods="41" coveredmethods="32" elements="99" coveredelements="84" complexity="0" loc="58" ncloc="58" packages="4" files="9" classes="9"/>
    <package name="components">
      <metrics statements="19" coveredstatements="17" conditionals="0" coveredconditionals="0" methods="19" coveredmethods="13"/>
      <file name="ImageList.vue" path="C:\Users\DELL\Desktop\vue-Practice\image-gallary\src\components\ImageList.vue">
        <metrics statements="6" coveredstatements="5" conditionals="0" coveredconditionals="0" methods="7" coveredmethods="4"/>
        <line num="44" count="1" type="stmt"/>
        <line num="49" count="8" type="stmt"/>
        <line num="55" count="8" type="stmt"/>
        <line num="71" count="21" type="stmt"/>
        <line num="74" count="0" type="stmt"/>
        <line num="79" count="1" type="stmt"/>
      </file>
      <file name="RandomImage.vue" path="C:\Users\DELL\Desktop\vue-Practice\image-gallary\src\components\RandomImage.vue">
        <metrics statements="6" coveredstatements="6" conditionals="0" coveredconditionals="0" methods="4" coveredmethods="4"/>
        <line num="24" count="2" type="stmt"/>
        <line num="30" count="6" type="stmt"/>
        <line num="38" count="6" type="stmt"/>
        <line num="39" count="5" type="stmt"/>
        <line num="40" count="5" type="stmt"/>
        <line num="42" count="1" type="stmt"/>
      </file>
      <file name="selectedImage.vue" path="C:\Users\DELL\Desktop\vue-Practice\image-gallary\src\components\selectedImage.vue">
        <metrics statements="7" coveredstatements="6" conditionals="0" coveredconditionals="0" methods="8" coveredmethods="5"/>
        <line num="33" count="2" type="stmt"/>
        <line num="38" count="7" type="stmt"/>
        <line num="44" count="7" type="stmt"/>
        <line num="50" count="1" type="stmt"/>
        <line num="53" count="0" type="stmt"/>
        <line num="56" count="3" type="stmt"/>
        <line num="67" count="1" type="stmt"/>
      </file>
    </package>
    <package name="router">
      <metrics statements="3" coveredstatements="3" conditionals="0" coveredconditionals="0" methods="0" coveredmethods="0"/>
      <file name="index.js" path="C:\Users\DELL\Desktop\vue-Practice\image-gallary\src\router\index.js">
        <metrics statements="3" coveredstatements="3" conditionals="0" coveredconditionals="0" methods="0" coveredmethods="0"/>
        <line num="8" count="1" type="stmt"/>
        <line num="10" count="1" type="stmt"/>
        <line num="35" count="1" type="stmt"/>
      </file>
    </package>
    <package name="services">
      <metrics statements="4" coveredstatements="4" conditionals="0" coveredconditionals="0" methods="4" coveredmethods="4"/>
      <file name="ApiCalls.js" path="C:\Users\DELL\Desktop\vue-Practice\image-gallary\src\services\ApiCalls.js">
        <metrics statements="4" coveredstatements="4" conditionals="0" coveredconditionals="0" methods="4" coveredmethods="4"/>
        <line num="5" count="1" type="stmt"/>
        <line num="9" count="1" type="stmt"/>
        <line num="13" count="1" type="stmt"/>
        <line num="17" count="1" type="stmt"/>
      </file>
    </package>
    <package name="store">
      <metrics statements="32" coveredstatements="28" conditionals="0" coveredconditionals="0" methods="18" coveredmethods="15"/>
      <file name="actions.js" path="C:\Users\DELL\Desktop\vue-Practice\image-gallary\src\store\actions.js">
        <metrics statements="15" coveredstatements="12" conditionals="0" coveredconditionals="0" methods="9" coveredmethods="6"/>
        <line num="7" count="1" type="stmt"/>
        <line num="8" count="1" type="stmt"/>
        <line num="10" count="0" type="stmt"/>
        <line num="15" count="1" type="stmt"/>
        <line num="21" count="1" type="stmt"/>
        <line num="22" count="1" type="stmt"/>
        <line num="23" count="1" type="stmt"/>
        <line num="24" count="1" type="stmt"/>
        <line num="25" count="1" type="stmt"/>
        <line num="26" count="1" type="stmt"/>
        <line num="27" count="1" type="stmt"/>
        <line num="29" count="0" type="stmt"/>
        <line num="35" count="1" type="stmt"/>
        <line num="36" count="1" type="stmt"/>
        <line num="38" count="0" type="stmt"/>
      </file>
      <file name="getters.js" path="C:\Users\DELL\Desktop\vue-Practice\image-gallary\src\store\getters.js">
        <metrics statements="4" coveredstatements="4" conditionals="0" coveredconditionals="0" methods="4" coveredmethods="4"/>
        <line num="4" count="1" type="stmt"/>
        <line num="7" count="1" type="stmt"/>
        <line num="10" count="1" type="stmt"/>
        <line num="13" count="1" type="stmt"/>
      </file>
      <file name="index.js" path="C:\Users\DELL\Desktop\vue-Practice\image-gallary\src\store\index.js">
        <metrics statements="1" coveredstatements="0" conditionals="0" coveredconditionals="0" methods="0" coveredmethods="0"/>
        <line num="8" count="0" type="stmt"/>
      </file>
      <file name="mutations.js" path="C:\Users\DELL\Desktop\vue-Practice\image-gallary\src\store\mutations.js">
        <metrics statements="12" coveredstatements="12" conditionals="0" coveredconditionals="0" methods="5" coveredmethods="5"/>
        <line num="4" count="1" type="stmt"/>
        <line num="6" count="1" type="stmt"/>
        <line num="10" count="1" type="stmt"/>
        <line num="13" count="1" type="stmt"/>
        <line num="14" count="1" type="stmt"/>
        <line num="15" count="1" type="stmt"/>
        <line num="16" count="1" type="stmt"/>
        <line num="19" count="1" type="stmt"/>
        <line num="20" count="1" type="stmt"/>
        <line num="21" count="1" type="stmt"/>
        <line num="22" count="1" type="stmt"/>
        <line num="25" count="1" type="stmt"/>
      </file>
    </package>
  </project>
</coverage>
