{"C:\\Users\\DELL\\Desktop\\vue-Practice\\image-gallary\\src\\components\\ImageList.vue": {"path":"C:\\Users\\DELL\\Desktop\\vue-Practice\\image-gallary\\src\\components\\ImageList.vue","statementMap":{"0":{"start":{"line":44,"column":0},"end":{"line":44,"column":null}},"1":{"start":{"line":49,"column":0},"end":{"line":49,"column":null}},"2":{"start":{"line":55,"column":0},"end":{"line":55,"column":null}},"3":{"start":{"line":71,"column":0},"end":{"line":71,"column":null}},"4":{"start":{"line":74,"column":0},"end":{"line":74,"column":null}},"5":{"start":{"line":79,"column":0},"end":{"line":79,"column":null}}},"fnMap":{"0":{"name":"(anonymous_1)","decl":{"start":{"line":48,"column":0},"end":{"line":48,"column":null}},"loc":{"start":{"line":48,"column":0},"end":{"line":53,"column":null}}},"1":{"name":"(anonymous_2)","decl":{"start":{"line":54,"column":0},"end":{"line":54,"column":null}},"loc":{"start":{"line":54,"column":0},"end":{"line":56,"column":null}}},"2":{"name":"(anonymous_3)","decl":{"start":{"line":55,"column":0},"end":{"line":55,"column":null}},"loc":{"start":{"line":55,"column":0},"end":{"line":55,"column":null}}},"3":{"name":"(anonymous_4)","decl":{"start":{"line":70,"column":0},"end":{"line":70,"column":null}},"loc":{"start":{"line":70,"column":0},"end":{"line":72,"column":null}}},"4":{"name":"(anonymous_5)","decl":{"start":{"line":73,"column":0},"end":{"line":73,"column":null}},"loc":{"start":{"line":73,"column":0},"end":{"line":75,"column":null}}},"5":{"name":"(anonymous_6)","decl":{"start":{"line":78,"column":0},"end":{"line":78,"column":null}},"loc":{"start":{"line":78,"column":0},"end":{"line":80,"column":null}}},"6":{"name":"(anonymous_7)","decl":{"start":{"line":79,"column":0},"end":{"line":79,"column":null}},"loc":{"start":{"line":79,"column":0},"end":{"line":79,"column":null}}}},"branchMap":{},"s":{"0":1,"1":8,"2":8,"3":21,"4":0,"5":1},"f":{"0":8,"1":8,"2":0,"3":21,"4":0,"5":1,"6":0},"b":{}}
,"C:\\Users\\DELL\\Desktop\\vue-Practice\\image-gallary\\src\\components\\RandomImage.vue": {"path":"C:\\Users\\DELL\\Desktop\\vue-Practice\\image-gallary\\src\\components\\RandomImage.vue","statementMap":{"0":{"start":{"line":24,"column":0},"end":{"line":24,"column":null}},"1":{"start":{"line":30,"column":0},"end":{"line":30,"column":null}},"2":{"start":{"line":38,"column":0},"end":{"line":43,"column":null}},"3":{"start":{"line":39,"column":0},"end":{"line":39,"column":null}},"4":{"start":{"line":40,"column":0},"end":{"line":40,"column":null}},"5":{"start":{"line":42,"column":0},"end":{"line":42,"column":null}}},"fnMap":{"0":{"name":"(anonymous_1)","decl":{"start":{"line":29,"column":0},"end":{"line":29,"column":null}},"loc":{"start":{"line":29,"column":0},"end":{"line":35,"column":null}}},"1":{"name":"(anonymous_2)","decl":{"start":{"line":36,"column":0},"end":{"line":36,"column":null}},"loc":{"start":{"line":36,"column":0},"end":{"line":44,"column":null}}},"2":{"name":"(anonymous_3)","decl":{"start":{"line":38,"column":0},"end":{"line":38,"column":null}},"loc":{"start":{"line":38,"column":0},"end":{"line":41,"column":null}}},"3":{"name":"(anonymous_4)","decl":{"start":{"line":41,"column":0},"end":{"line":41,"column":null}},"loc":{"start":{"line":41,"column":0},"end":{"line":43,"column":null}}}},"branchMap":{},"s":{"0":2,"1":6,"2":6,"3":5,"4":5,"5":1},"f":{"0":6,"1":6,"2":5,"3":1},"b":{}}
,"C:\\Users\\DELL\\Desktop\\vue-Practice\\image-gallary\\src\\components\\selectedImage.vue": {"path":"C:\\Users\\DELL\\Desktop\\vue-Practice\\image-gallary\\src\\components\\selectedImage.vue","statementMap":{"0":{"start":{"line":33,"column":0},"end":{"line":33,"column":null}},"1":{"start":{"line":38,"column":0},"end":{"line":38,"column":null}},"2":{"start":{"line":44,"column":0},"end":{"line":44,"column":null}},"3":{"start":{"line":50,"column":0},"end":{"line":50,"column":null}},"4":{"start":{"line":53,"column":0},"end":{"line":53,"column":null}},"5":{"start":{"line":56,"column":0},"end":{"line":56,"column":null}},"6":{"start":{"line":67,"column":0},"end":{"line":67,"column":null}}},"fnMap":{"0":{"name":"(anonymous_1)","decl":{"start":{"line":37,"column":0},"end":{"line":37,"column":null}},"loc":{"start":{"line":37,"column":0},"end":{"line":42,"column":null}}},"1":{"name":"(anonymous_2)","decl":{"start":{"line":43,"column":0},"end":{"line":43,"column":null}},"loc":{"start":{"line":43,"column":0},"end":{"line":46,"column":null}}},"2":{"name":"(anonymous_3)","decl":{"start":{"line":44,"column":0},"end":{"line":44,"column":null}},"loc":{"start":{"line":44,"column":0},"end":{"line":44,"column":null}}},"3":{"name":"(anonymous_4)","decl":{"start":{"line":49,"column":0},"end":{"line":49,"column":null}},"loc":{"start":{"line":49,"column":0},"end":{"line":51,"column":null}}},"4":{"name":"(anonymous_5)","decl":{"start":{"line":50,"column":0},"end":{"line":50,"column":null}},"loc":{"start":{"line":50,"column":0},"end":{"line":50,"column":null}}},"5":{"name":"(anonymous_6)","decl":{"start":{"line":52,"column":0},"end":{"line":52,"column":null}},"loc":{"start":{"line":52,"column":0},"end":{"line":54,"column":null}}},"6":{"name":"(anonymous_7)","decl":{"start":{"line":55,"column":0},"end":{"line":55,"column":null}},"loc":{"start":{"line":55,"column":0},"end":{"line":57,"column":null}}},"7":{"name":"(anonymous_8)","decl":{"start":{"line":66,"column":0},"end":{"line":66,"column":null}},"loc":{"start":{"line":66,"column":0},"end":{"line":68,"column":null}}}},"branchMap":{},"s":{"0":2,"1":7,"2":7,"3":1,"4":0,"5":3,"6":1},"f":{"0":7,"1":7,"2":0,"3":1,"4":0,"5":0,"6":3,"7":1},"b":{}}
,"C:\\Users\\DELL\\Desktop\\vue-Practice\\image-gallary\\src\\router\\index.js": {"path":"C:\\Users\\DELL\\Desktop\\vue-Practice\\image-gallary\\src\\router\\index.js","statementMap":{"0":{"start":{"line":8,"column":0},"end":{"line":8,"column":18}},"1":{"start":{"line":10,"column":15},"end":{"line":33,"column":1}},"2":{"start":{"line":35,"column":15},"end":{"line":38,"column":2}}},"fnMap":{},"branchMap":{},"s":{"0":1,"1":1,"2":1},"f":{},"b":{},"_coverageSchema":"43e27e138ebf9cfc5966b082cf9a028302ed4184","hash":"f198f96fee81ec5b28f8c3e73bafb931eff6d146"}
,"C:\\Users\\DELL\\Desktop\\vue-Practice\\image-gallary\\src\\services\\ApiCalls.js": {"path":"C:\\Users\\DELL\\Desktop\\vue-Practice\\image-gallary\\src\\services\\ApiCalls.js","statementMap":{"0":{"start":{"line":5,"column":4},"end":{"line":5,"column":26}},"1":{"start":{"line":9,"column":4},"end":{"line":9,"column":26}},"2":{"start":{"line":13,"column":4},"end":{"line":13,"column":25}},"3":{"start":{"line":17,"column":4},"end":{"line":17,"column":65}}},"fnMap":{"0":{"name":"getImageList","decl":{"start":{"line":4,"column":16},"end":{"line":4,"column":28}},"loc":{"start":{"line":4,"column":34},"end":{"line":6,"column":1}},"line":4},"1":{"name":"getRandomImage","decl":{"start":{"line":8,"column":16},"end":{"line":8,"column":30}},"loc":{"start":{"line":8,"column":36},"end":{"line":10,"column":1}},"line":8},"2":{"name":"DownloadImage","decl":{"start":{"line":12,"column":16},"end":{"line":12,"column":29}},"loc":{"start":{"line":12,"column":38},"end":{"line":14,"column":1}},"line":12},"3":{"name":"getImageById","decl":{"start":{"line":16,"column":16},"end":{"line":16,"column":28}},"loc":{"start":{"line":16,"column":33},"end":{"line":18,"column":1}},"line":16}},"branchMap":{},"s":{"0":1,"1":1,"2":1,"3":1},"f":{"0":1,"1":1,"2":1,"3":1},"b":{},"_coverageSchema":"43e27e138ebf9cfc5966b082cf9a028302ed4184","hash":"579d7b82757a265843cdbf7d75091d07f75bd157"}
,"C:\\Users\\DELL\\Desktop\\vue-Practice\\image-gallary\\src\\store\\actions.js": {"path":"C:\\Users\\DELL\\Desktop\\vue-Practice\\image-gallary\\src\\store\\actions.js","statementMap":{"0":{"start":{"line":7,"column":8},"end":{"line":12,"column":10}},"1":{"start":{"line":8,"column":12},"end":{"line":8,"column":49}},"2":{"start":{"line":10,"column":12},"end":{"line":10,"column":21}},"3":{"start":{"line":15,"column":8},"end":{"line":30,"column":10}},"4":{"start":{"line":21,"column":26},"end":{"line":21,"column":79}},"5":{"start":{"line":22,"column":23},"end":{"line":22,"column":50}},"6":{"start":{"line":23,"column":12},"end":{"line":23,"column":31}},"7":{"start":{"line":24,"column":12},"end":{"line":24,"column":64}},"8":{"start":{"line":25,"column":12},"end":{"line":25,"column":47}},"9":{"start":{"line":26,"column":12},"end":{"line":26,"column":43}},"10":{"start":{"line":27,"column":12},"end":{"line":27,"column":24}},"11":{"start":{"line":29,"column":12},"end":{"line":29,"column":21}},"12":{"start":{"line":35,"column":8},"end":{"line":39,"column":10}},"13":{"start":{"line":36,"column":12},"end":{"line":36,"column":57}},"14":{"start":{"line":38,"column":12},"end":{"line":38,"column":21}}},"fnMap":{"0":{"name":"(anonymous_0)","decl":{"start":{"line":5,"column":4},"end":{"line":5,"column":5}},"loc":{"start":{"line":5,"column":34},"end":{"line":13,"column":5}},"line":5},"1":{"name":"(anonymous_1)","decl":{"start":{"line":7,"column":37},"end":{"line":7,"column":38}},"loc":{"start":{"line":7,"column":49},"end":{"line":9,"column":9}},"line":7},"2":{"name":"(anonymous_2)","decl":{"start":{"line":9,"column":17},"end":{"line":9,"column":18}},"loc":{"start":{"line":9,"column":24},"end":{"line":12,"column":9}},"line":9},"3":{"name":"(anonymous_3)","decl":{"start":{"line":14,"column":4},"end":{"line":14,"column":5}},"loc":{"start":{"line":14,"column":40},"end":{"line":32,"column":5}},"line":14},"4":{"name":"(anonymous_4)","decl":{"start":{"line":19,"column":16},"end":{"line":19,"column":17}},"loc":{"start":{"line":19,"column":30},"end":{"line":28,"column":9}},"line":19},"5":{"name":"(anonymous_5)","decl":{"start":{"line":28,"column":17},"end":{"line":28,"column":18}},"loc":{"start":{"line":28,"column":24},"end":{"line":30,"column":9}},"line":28},"6":{"name":"(anonymous_6)","decl":{"start":{"line":33,"column":5},"end":{"line":33,"column":6}},"loc":{"start":{"line":33,"column":37},"end":{"line":40,"column":5}},"line":33},"7":{"name":"(anonymous_7)","decl":{"start":{"line":35,"column":36},"end":{"line":35,"column":37}},"loc":{"start":{"line":35,"column":48},"end":{"line":37,"column":9}},"line":35},"8":{"name":"(anonymous_8)","decl":{"start":{"line":37,"column":17},"end":{"line":37,"column":18}},"loc":{"start":{"line":37,"column":24},"end":{"line":39,"column":9}},"line":37}},"branchMap":{},"s":{"0":1,"1":1,"2":0,"3":1,"4":1,"5":1,"6":1,"7":1,"8":1,"9":1,"10":1,"11":0,"12":1,"13":1,"14":0},"f":{"0":1,"1":1,"2":0,"3":1,"4":1,"5":0,"6":1,"7":1,"8":0},"b":{},"_coverageSchema":"43e27e138ebf9cfc5966b082cf9a028302ed4184","hash":"67782bb7bf44aa4c3e909009ae5f44ca580d1700"}
,"C:\\Users\\DELL\\Desktop\\vue-Practice\\image-gallary\\src\\store\\getters.js": {"path":"C:\\Users\\DELL\\Desktop\\vue-Practice\\image-gallary\\src\\store\\getters.js","statementMap":{"0":{"start":{"line":4,"column":8},"end":{"line":4,"column":27}},"1":{"start":{"line":7,"column":8},"end":{"line":7,"column":28}},"2":{"start":{"line":10,"column":8},"end":{"line":10,"column":31}},"3":{"start":{"line":13,"column":8},"end":{"line":13,"column":26}}},"fnMap":{"0":{"name":"(anonymous_0)","decl":{"start":{"line":3,"column":4},"end":{"line":3,"column":5}},"loc":{"start":{"line":3,"column":21},"end":{"line":5,"column":5}},"line":3},"1":{"name":"(anonymous_1)","decl":{"start":{"line":6,"column":4},"end":{"line":6,"column":5}},"loc":{"start":{"line":6,"column":18},"end":{"line":8,"column":5}},"line":6},"2":{"name":"(anonymous_2)","decl":{"start":{"line":9,"column":4},"end":{"line":9,"column":5}},"loc":{"start":{"line":9,"column":22},"end":{"line":11,"column":5}},"line":9},"3":{"name":"(anonymous_3)","decl":{"start":{"line":12,"column":4},"end":{"line":12,"column":5}},"loc":{"start":{"line":12,"column":24},"end":{"line":14,"column":5}},"line":12}},"branchMap":{},"s":{"0":1,"1":1,"2":1,"3":1},"f":{"0":1,"1":1,"2":1,"3":1},"b":{},"_coverageSchema":"43e27e138ebf9cfc5966b082cf9a028302ed4184","hash":"7c2b28255052b076079deb8141f38cc923acd71c"}
,"C:\\Users\\DELL\\Desktop\\vue-Practice\\image-gallary\\src\\store\\index.js": {"path":"C:\\Users\\DELL\\Desktop\\vue-Practice\\image-gallary\\src\\store\\index.js","statementMap":{"0":{"start":{"line":8,"column":0},"end":{"line":8,"column":13}}},"fnMap":{},"branchMap":{},"s":{"0":0},"f":{},"b":{},"hash":"223e8f195d0ab2784eca9acabff91f0f064bfdc2"}
,"C:\\Users\\DELL\\Desktop\\vue-Practice\\image-gallary\\src\\store\\mutations.js": {"path":"C:\\Users\\DELL\\Desktop\\vue-Practice\\image-gallary\\src\\store\\mutations.js","statementMap":{"0":{"start":{"line":4,"column":8},"end":{"line":4,"column":52}},"1":{"start":{"line":6,"column":8},"end":{"line":6,"column":36}},"2":{"start":{"line":10,"column":8},"end":{"line":10,"column":58}},"3":{"start":{"line":13,"column":20},"end":{"line":13,"column":48}},"4":{"start":{"line":14,"column":21},"end":{"line":14,"column":48}},"5":{"start":{"line":15,"column":8},"end":{"line":15,"column":39}},"6":{"start":{"line":16,"column":8},"end":{"line":16,"column":43}},"7":{"start":{"line":19,"column":20},"end":{"line":19,"column":48}},"8":{"start":{"line":20,"column":21},"end":{"line":20,"column":48}},"9":{"start":{"line":21,"column":8},"end":{"line":21,"column":39}},"10":{"start":{"line":22,"column":8},"end":{"line":22,"column":43}},"11":{"start":{"line":25,"column":8},"end":{"line":25,"column":26}}},"fnMap":{"0":{"name":"(anonymous_0)","decl":{"start":{"line":2,"column":4},"end":{"line":2,"column":5}},"loc":{"start":{"line":2,"column":31},"end":{"line":8,"column":5}},"line":2},"1":{"name":"(anonymous_1)","decl":{"start":{"line":9,"column":4},"end":{"line":9,"column":5}},"loc":{"start":{"line":9,"column":30},"end":{"line":11,"column":5}},"line":9},"2":{"name":"(anonymous_2)","decl":{"start":{"line":12,"column":4},"end":{"line":12,"column":5}},"loc":{"start":{"line":12,"column":20},"end":{"line":17,"column":5}},"line":12},"3":{"name":"(anonymous_3)","decl":{"start":{"line":18,"column":4},"end":{"line":18,"column":5}},"loc":{"start":{"line":18,"column":24},"end":{"line":23,"column":5}},"line":18},"4":{"name":"(anonymous_4)","decl":{"start":{"line":24,"column":4},"end":{"line":24,"column":5}},"loc":{"start":{"line":24,"column":30},"end":{"line":26,"column":5}},"line":24}},"branchMap":{},"s":{"0":1,"1":1,"2":1,"3":1,"4":1,"5":1,"6":1,"7":1,"8":1,"9":1,"10":1,"11":1},"f":{"0":1,"1":1,"2":1,"3":1,"4":1},"b":{},"_coverageSchema":"43e27e138ebf9cfc5966b082cf9a028302ed4184","hash":"1d9cb95b3655ac4f32550173b1e4274bd0671e86"}
}
