TN:
SF:C:\Users\DELL\Desktop\vue-Practice\image-gallary\src\components\ImageList.vue
FN:48,(anonymous_1)
FN:54,(anonymous_2)
FN:55,(anonymous_3)
FN:70,(anonymous_4)
FN:73,(anonymous_5)
FN:78,(anonymous_6)
FN:79,(anonymous_7)
FNF:7
FNH:4
FNDA:8,(anonymous_1)
FNDA:8,(anonymous_2)
FNDA:0,(anonymous_3)
FNDA:21,(anonymous_4)
FNDA:0,(anonymous_5)
FNDA:1,(anonymous_6)
FNDA:0,(anonymous_7)
DA:44,1
DA:49,8
DA:55,8
DA:71,21
DA:74,0
DA:79,1
LF:6
LH:5
BRF:0
BRH:0
end_of_record
TN:
SF:C:\Users\DELL\Desktop\vue-Practice\image-gallary\src\components\RandomImage.vue
FN:29,(anonymous_1)
FN:36,(anonymous_2)
FN:38,(anonymous_3)
FN:41,(anonymous_4)
FNF:4
FNH:4
FNDA:6,(anonymous_1)
FNDA:6,(anonymous_2)
FNDA:5,(anonymous_3)
FNDA:1,(anonymous_4)
DA:24,2
DA:30,6
DA:38,6
DA:39,5
DA:40,5
DA:42,1
LF:6
LH:6
BRF:0
BRH:0
end_of_record
TN:
SF:C:\Users\DELL\Desktop\vue-Practice\image-gallary\src\components\selectedImage.vue
FN:37,(anonymous_1)
FN:43,(anonymous_2)
FN:44,(anonymous_3)
FN:49,(anonymous_4)
FN:50,(anonymous_5)
FN:52,(anonymous_6)
FN:55,(anonymous_7)
FN:66,(anonymous_8)
FNF:8
FNH:5
FNDA:7,(anonymous_1)
FNDA:7,(anonymous_2)
FNDA:0,(anonymous_3)
FNDA:1,(anonymous_4)
FNDA:0,(anonymous_5)
FNDA:0,(anonymous_6)
FNDA:3,(anonymous_7)
FNDA:1,(anonymous_8)
DA:33,2
DA:38,7
DA:44,7
DA:50,1
DA:53,0
DA:56,3
DA:67,1
LF:7
LH:6
BRF:0
BRH:0
end_of_record
TN:
SF:C:\Users\DELL\Desktop\vue-Practice\image-gallary\src\router\index.js
FNF:0
FNH:0
DA:8,1
DA:10,1
DA:35,1
LF:3
LH:3
BRF:0
BRH:0
end_of_record
TN:
SF:C:\Users\DELL\Desktop\vue-Practice\image-gallary\src\services\ApiCalls.js
FN:4,getImageList
FN:8,getRandomImage
FN:12,DownloadImage
FN:16,getImageById
FNF:4
FNH:4
FNDA:1,getImageList
FNDA:1,getRandomImage
FNDA:1,DownloadImage
FNDA:1,getImageById
DA:5,1
DA:9,1
DA:13,1
DA:17,1
LF:4
LH:4
BRF:0
BRH:0
end_of_record
TN:
SF:C:\Users\DELL\Desktop\vue-Practice\image-gallary\src\store\actions.js
FN:5,(anonymous_0)
FN:7,(anonymous_1)
FN:9,(anonymous_2)
FN:14,(anonymous_3)
FN:19,(anonymous_4)
FN:28,(anonymous_5)
FN:33,(anonymous_6)
FN:35,(anonymous_7)
FN:37,(anonymous_8)
FNF:9
FNH:6
FNDA:1,(anonymous_0)
FNDA:1,(anonymous_1)
FNDA:0,(anonymous_2)
FNDA:1,(anonymous_3)
FNDA:1,(anonymous_4)
FNDA:0,(anonymous_5)
FNDA:1,(anonymous_6)
FNDA:1,(anonymous_7)
FNDA:0,(anonymous_8)
DA:7,1
DA:8,1
DA:10,0
DA:15,1
DA:21,1
DA:22,1
DA:23,1
DA:24,1
DA:25,1
DA:26,1
DA:27,1
DA:29,0
DA:35,1
DA:36,1
DA:38,0
LF:15
LH:12
BRF:0
BRH:0
end_of_record
TN:
SF:C:\Users\DELL\Desktop\vue-Practice\image-gallary\src\store\getters.js
FN:3,(anonymous_0)
FN:6,(anonymous_1)
FN:9,(anonymous_2)
FN:12,(anonymous_3)
FNF:4
FNH:4
FNDA:1,(anonymous_0)
FNDA:1,(anonymous_1)
FNDA:1,(anonymous_2)
FNDA:1,(anonymous_3)
DA:4,1
DA:7,1
DA:10,1
DA:13,1
LF:4
LH:4
BRF:0
BRH:0
end_of_record
TN:
SF:C:\Users\DELL\Desktop\vue-Practice\image-gallary\src\store\index.js
FNF:0
FNH:0
DA:8,0
LF:1
LH:0
BRF:0
BRH:0
end_of_record
TN:
SF:C:\Users\DELL\Desktop\vue-Practice\image-gallary\src\store\mutations.js
FN:2,(anonymous_0)
FN:9,(anonymous_1)
FN:12,(anonymous_2)
FN:18,(anonymous_3)
FN:24,(anonymous_4)
FNF:5
FNH:5
FNDA:1,(anonymous_0)
FNDA:1,(anonymous_1)
FNDA:1,(anonymous_2)
FNDA:1,(anonymous_3)
FNDA:1,(anonymous_4)
DA:4,1
DA:6,1
DA:10,1
DA:13,1
DA:14,1
DA:15,1
DA:16,1
DA:19,1
DA:20,1
DA:21,1
DA:22,1
DA:25,1
LF:12
LH:12
BRF:0
BRH:0
end_of_record
